[ 2016-09-06T11:37:19+08:00 ] 127.0.0.1 /Public/css/home.css
INFO: [ app_init ] --START--
INFO: Run Behavior\BuildLiteBehavior [ RunTime:0.000000s ]
INFO: [ app_init ] --END-- [ RunTime:0.010001s ]
ERR: 无法加载模块:Public

[ 2016-09-06T11:37:21+08:00 ] 127.0.0.1 /js/denglu.js
INFO: [ app_init ] --START--
INFO: Run Behavior\BuildLiteBehavior [ RunTime:0.000000s ]
INFO: [ app_init ] --END-- [ RunTime:0.003000s ]
ERR: 无法加载模块:Js

[ 2016-09-06T11:37:21+08:00 ] 127.0.0.1 /favicon.ico
INFO: [ app_init ] --START--
INFO: Run Behavior\BuildLiteBehavior [ RunTime:0.001000s ]
INFO: [ app_init ] --END-- [ RunTime:0.004000s ]
ERR: 无法加载模块:Favicon

[ 2016-09-06T11:38:38+08:00 ] 127.0.0.1 /Public/css/home.css
INFO: [ app_init ] --START--
INFO: Run Behavior\BuildLiteBehavior [ RunTime:0.000000s ]
INFO: [ app_init ] --END-- [ RunTime:0.003000s ]
ERR: 无法加载模块:Public

[ 2016-09-06T11:38:39+08:00 ] 127.0.0.1 /__PUBLIC_/js/home/denglu.js
INFO: [ app_init ] --START--
INFO: Run Behavior\BuildLiteBehavior [ RunTime:0.001000s ]
INFO: [ app_init ] --END-- [ RunTime:0.003000s ]
ERR: 无法加载模块:__PUBLIC_

[ 2016-09-06T11:38:40+08:00 ] 127.0.0.1 /Public/css/home.css
INFO: [ app_init ] --START--
INFO: Run Behavior\BuildLiteBehavior [ RunTime:0.001000s ]
INFO: [ app_init ] --END-- [ RunTime:0.003001s ]
ERR: 无法加载模块:Public

[ 2016-09-06T11:38:41+08:00 ] 127.0.0.1 /__PUBLIC_/js/home/denglu.js
INFO: [ app_init ] --START--
INFO: Run Behavior\BuildLiteBehavior [ RunTime:0.000000s ]
INFO: [ app_init ] --END-- [ RunTime:0.003001s ]
ERR: 无法加载模块:__PUBLIC_

[ 2016-09-06T11:39:20+08:00 ] 127.0.0.1 /Public/css/home.css
INFO: [ app_init ] --START--
INFO: Run Behavior\BuildLiteBehavior [ RunTime:0.001000s ]
INFO: [ app_init ] --END-- [ RunTime:0.003000s ]
ERR: 无法加载模块:Public

[ 2016-09-06T11:39:21+08:00 ] 127.0.0.1 /__PUBLIC_/js/home/denglu.js
INFO: [ app_init ] --START--
INFO: Run Behavior\BuildLiteBehavior [ RunTime:0.000000s ]
INFO: [ app_init ] --END-- [ RunTime:0.003001s ]
ERR: 无法加载模块:__PUBLIC_

[ 2016-09-06T11:39:22+08:00 ] 127.0.0.1 /Public/css/home.css
INFO: [ app_init ] --START--
INFO: Run Behavior\BuildLiteBehavior [ RunTime:0.000000s ]
INFO: [ app_init ] --END-- [ RunTime:0.002000s ]
ERR: 无法加载模块:Public

[ 2016-09-06T11:39:23+08:00 ] 127.0.0.1 /__PUBLIC_/js/home/denglu.js
INFO: [ app_init ] --START--
INFO: Run Behavior\BuildLiteBehavior [ RunTime:0.001000s ]
INFO: [ app_init ] --END-- [ RunTime:0.003000s ]
ERR: 无法加载模块:__PUBLIC_

[ 2016-09-06T11:41:06+08:00 ] 127.0.0.1 /__PUBLIC_/js/home/denglu.js
INFO: [ app_init ] --START--
INFO: Run Behavior\BuildLiteBehavior [ RunTime:0.001000s ]
INFO: [ app_init ] --END-- [ RunTime:0.003000s ]
ERR: 无法加载模块:__PUBLIC_

[ 2016-09-06T11:41:07+08:00 ] 127.0.0.1 /__PUBLIC_/js/home/denglu.js
INFO: [ app_init ] --START--
INFO: Run Behavior\BuildLiteBehavior [ RunTime:0.000000s ]
INFO: [ app_init ] --END-- [ RunTime:0.003000s ]
ERR: 无法加载模块:__PUBLIC_

[ 2016-09-06T11:41:08+08:00 ] 127.0.0.1 /__PUBLIC_/js/home/denglu.js
INFO: [ app_init ] --START--
INFO: Run Behavior\BuildLiteBehavior [ RunTime:0.000000s ]
INFO: [ app_init ] --END-- [ RunTime:0.002000s ]
ERR: 无法加载模块:__PUBLIC_

[ 2016-09-06T11:41:08+08:00 ] 127.0.0.1 /__PUBLIC_/js/home/denglu.js
INFO: [ app_init ] --START--
INFO: Run Behavior\BuildLiteBehavior [ RunTime:0.000000s ]
INFO: [ app_init ] --END-- [ RunTime:0.003000s ]
ERR: 无法加载模块:__PUBLIC_

[ 2016-09-06T11:41:09+08:00 ] 127.0.0.1 /__PUBLIC_/js/home/denglu.js
INFO: [ app_init ] --START--
INFO: Run Behavior\BuildLiteBehavior [ RunTime:0.000000s ]
INFO: [ app_init ] --END-- [ RunTime:0.007001s ]
ERR: 无法加载模块:__PUBLIC_

[ 2016-09-06T11:41:09+08:00 ] 127.0.0.1 /__PUBLIC_/js/home/denglu.js
INFO: [ app_init ] --START--
INFO: Run Behavior\BuildLiteBehavior [ RunTime:0.000000s ]
INFO: [ app_init ] --END-- [ RunTime:0.003001s ]
ERR: 无法加载模块:__PUBLIC_

[ 2016-09-06T11:41:10+08:00 ] 127.0.0.1 /__PUBLIC_/js/home/denglu.js
INFO: [ app_init ] --START--
INFO: Run Behavior\BuildLiteBehavior [ RunTime:0.001000s ]
INFO: [ app_init ] --END-- [ RunTime:0.003000s ]
ERR: 无法加载模块:__PUBLIC_

[ 2016-09-06T11:41:53+08:00 ] 127.0.0.1 /__PUBLIC_/js/home/denglu.js
INFO: [ app_init ] --START--
INFO: Run Behavior\BuildLiteBehavior [ RunTime:0.001001s ]
INFO: [ app_init ] --END-- [ RunTime:0.003001s ]
ERR: 无法加载模块:__PUBLIC_

[ 2016-09-06T11:41:57+08:00 ] 127.0.0.1 /__PUBLIC_/js/home/denglu.js
INFO: [ app_init ] --START--
INFO: Run Behavior\BuildLiteBehavior [ RunTime:0.001000s ]
INFO: [ app_init ] --END-- [ RunTime:0.003000s ]
ERR: 无法加载模块:__PUBLIC_

[ 2016-09-06T11:41:57+08:00 ] 127.0.0.1 /__PUBLIC_/js/home/denglu.js
INFO: [ app_init ] --START--
INFO: Run Behavior\BuildLiteBehavior [ RunTime:0.000000s ]
INFO: [ app_init ] --END-- [ RunTime:0.002000s ]
ERR: 无法加载模块:__PUBLIC_

[ 2016-09-06T11:41:58+08:00 ] 127.0.0.1 /__PUBLIC_/js/home/denglu.js
INFO: [ app_init ] --START--
INFO: Run Behavior\BuildLiteBehavior [ RunTime:0.000000s ]
INFO: [ app_init ] --END-- [ RunTime:0.003001s ]
ERR: 无法加载模块:__PUBLIC_

[ 2016-09-06T11:42:51+08:00 ] 127.0.0.1 /Public/images/2.png
INFO: [ app_init ] --START--
INFO: Run Behavior\BuildLiteBehavior [ RunTime:0.000000s ]
INFO: [ app_init ] --END-- [ RunTime:0.003000s ]
ERR: 无法加载模块:Public

[ 2016-09-06T11:42:52+08:00 ] 127.0.0.1 /Public/images/1.png
INFO: [ app_init ] --START--
INFO: Run Behavior\BuildLiteBehavior [ RunTime:0.001000s ]
INFO: [ app_init ] --END-- [ RunTime:0.003000s ]
ERR: 无法加载模块:Public

[ 2016-09-06T11:44:19+08:00 ] 127.0.0.1 /Public/images/1.png
INFO: [ app_init ] --START--
INFO: Run Behavior\BuildLiteBehavior [ RunTime:0.001000s ]
INFO: [ app_init ] --END-- [ RunTime:0.008000s ]
ERR: 无法加载模块:Public

[ 2016-09-06T11:44:19+08:00 ] 127.0.0.1 /Public/images/2.png
INFO: [ app_init ] --START--
INFO: Run Behavior\BuildLiteBehavior [ RunTime:0.001000s ]
INFO: [ app_init ] --END-- [ RunTime:0.004000s ]
ERR: 无法加载模块:Public

[ 2016-09-06T12:07:48+08:00 ] 127.0.0.1 /Public/images/1.png
INFO: [ app_init ] --START--
INFO: Run Behavior\BuildLiteBehavior [ RunTime:0.002000s ]
INFO: [ app_init ] --END-- [ RunTime:0.009000s ]
ERR: 无法加载模块:Public

[ 2016-09-06T12:07:49+08:00 ] 127.0.0.1 /Public/images/2.png
INFO: [ app_init ] --START--
INFO: Run Behavior\BuildLiteBehavior [ RunTime:0.000000s ]
INFO: [ app_init ] --END-- [ RunTime:0.003001s ]
ERR: 无法加载模块:Public

[ 2016-09-06T12:08:40+08:00 ] 127.0.0.1 /Public/images/1.png
INFO: [ app_init ] --START--
INFO: Run Behavior\BuildLiteBehavior [ RunTime:0.000000s ]
INFO: [ app_init ] --END-- [ RunTime:0.003000s ]
ERR: 无法加载模块:Public

[ 2016-09-06T12:08:41+08:00 ] 127.0.0.1 /Public/images/2.png
INFO: [ app_init ] --START--
INFO: Run Behavior\BuildLiteBehavior [ RunTime:0.000000s ]
INFO: [ app_init ] --END-- [ RunTime:0.003001s ]
ERR: 无法加载模块:Public

[ 2016-09-06T12:08:42+08:00 ] 127.0.0.1 /Public/images/2.png
INFO: [ app_init ] --START--
INFO: Run Behavior\BuildLiteBehavior [ RunTime:0.001000s ]
INFO: [ app_init ] --END-- [ RunTime:0.003000s ]
ERR: 无法加载模块:Public

[ 2016-09-06T12:08:43+08:00 ] 127.0.0.1 /Public/images/1.png
INFO: [ app_init ] --START--
INFO: Run Behavior\BuildLiteBehavior [ RunTime:0.001000s ]
INFO: [ app_init ] --END-- [ RunTime:0.003000s ]
ERR: 无法加载模块:Public

[ 2016-09-06T12:08:46+08:00 ] 127.0.0.1 /Public/images/1.png
INFO: [ app_init ] --START--
INFO: Run Behavior\BuildLiteBehavior [ RunTime:0.001000s ]
INFO: [ app_init ] --END-- [ RunTime:0.003000s ]
ERR: 无法加载模块:Public

[ 2016-09-06T12:08:47+08:00 ] 127.0.0.1 /Public/images/2.png
INFO: [ app_init ] --START--
INFO: Run Behavior\BuildLiteBehavior [ RunTime:0.001000s ]
INFO: [ app_init ] --END-- [ RunTime:0.003000s ]
ERR: 无法加载模块:Public

[ 2016-09-06T12:08:57+08:00 ] 127.0.0.1 /Public/images/1.png
INFO: [ app_init ] --START--
INFO: Run Behavior\BuildLiteBehavior [ RunTime:0.003000s ]
INFO: [ app_init ] --END-- [ RunTime:0.010001s ]
ERR: 无法加载模块:Public

[ 2016-09-06T12:08:58+08:00 ] 127.0.0.1 /Public/images/2.png
INFO: [ app_init ] --START--
INFO: Run Behavior\BuildLiteBehavior [ RunTime:0.001000s ]
INFO: [ app_init ] --END-- [ RunTime:0.002001s ]
ERR: 无法加载模块:Public

[ 2016-09-06T12:09:21+08:00 ] 127.0.0.1 /Public/images/1.png
INFO: [ app_init ] --START--
INFO: Run Behavior\BuildLiteBehavior [ RunTime:0.000000s ]
INFO: [ app_init ] --END-- [ RunTime:0.004000s ]
ERR: 无法加载模块:Public

[ 2016-09-06T12:09:22+08:00 ] 127.0.0.1 /Public/images/2.png
INFO: [ app_init ] --START--
INFO: Run Behavior\BuildLiteBehavior [ RunTime:0.001000s ]
INFO: [ app_init ] --END-- [ RunTime:0.002001s ]
ERR: 无法加载模块:Public

[ 2016-09-06T12:09:27+08:00 ] 127.0.0.1 /Public/images/1.png
INFO: [ app_init ] --START--
INFO: Run Behavior\BuildLiteBehavior [ RunTime:0.000000s ]
INFO: [ app_init ] --END-- [ RunTime:0.003000s ]
ERR: 无法加载模块:Public

[ 2016-09-06T12:09:28+08:00 ] 127.0.0.1 /Public/images/2.png
INFO: [ app_init ] --START--
INFO: Run Behavior\BuildLiteBehavior [ RunTime:0.001000s ]
INFO: [ app_init ] --END-- [ RunTime:0.003000s ]
ERR: 无法加载模块:Public

[ 2016-09-06T12:09:35+08:00 ] 127.0.0.1 /Public/images/1.png
INFO: [ app_init ] --START--
INFO: Run Behavior\BuildLiteBehavior [ RunTime:0.000000s ]
INFO: [ app_init ] --END-- [ RunTime:0.004000s ]
ERR: 无法加载模块:Public

[ 2016-09-06T12:09:36+08:00 ] 127.0.0.1 /Public/images/2.png
INFO: [ app_init ] --START--
INFO: Run Behavior\BuildLiteBehavior [ RunTime:0.000000s ]
INFO: [ app_init ] --END-- [ RunTime:0.003000s ]
ERR: 无法加载模块:Public

[ 2016-09-06T12:11:28+08:00 ] 127.0.0.1 /Public/images/1.png
INFO: [ app_init ] --START--
INFO: Run Behavior\BuildLiteBehavior [ RunTime:0.000000s ]
INFO: [ app_init ] --END-- [ RunTime:0.003000s ]
ERR: 无法加载模块:Public

[ 2016-09-06T12:11:28+08:00 ] 127.0.0.1 /Public/images/2.png
INFO: [ app_init ] --START--
INFO: Run Behavior\BuildLiteBehavior [ RunTime:0.001000s ]
INFO: [ app_init ] --END-- [ RunTime:0.003000s ]
ERR: 无法加载模块:Public

[ 2016-09-06T12:11:30+08:00 ] 127.0.0.1 /Public/images/1.png
INFO: [ app_init ] --START--
INFO: Run Behavior\BuildLiteBehavior [ RunTime:0.000000s ]
INFO: [ app_init ] --END-- [ RunTime:0.026001s ]
ERR: 无法加载模块:Public

[ 2016-09-06T12:11:31+08:00 ] 127.0.0.1 /Public/images/2.png
INFO: [ app_init ] --START--
INFO: Run Behavior\BuildLiteBehavior [ RunTime:0.001000s ]
INFO: [ app_init ] --END-- [ RunTime:0.003000s ]
ERR: 无法加载模块:Public

[ 2016-09-06T12:14:14+08:00 ] 127.0.0.1 /Public/images/1.png
INFO: [ app_init ] --START--
INFO: Run Behavior\BuildLiteBehavior [ RunTime:0.000000s ]
INFO: [ app_init ] --END-- [ RunTime:0.031002s ]
ERR: 无法加载模块:Public

[ 2016-09-06T12:14:15+08:00 ] 127.0.0.1 /Public/images/2.png
INFO: [ app_init ] --START--
INFO: Run Behavior\BuildLiteBehavior [ RunTime:0.000000s ]
INFO: [ app_init ] --END-- [ RunTime:0.003000s ]
ERR: 无法加载模块:Public

[ 2016-09-06T12:15:09+08:00 ] 127.0.0.1 /Public/images/1.png
INFO: [ app_init ] --START--
INFO: Run Behavior\BuildLiteBehavior [ RunTime:0.001000s ]
INFO: [ app_init ] --END-- [ RunTime:0.005000s ]
ERR: 无法加载模块:Public

[ 2016-09-06T12:15:10+08:00 ] 127.0.0.1 /Public/images/2.png
INFO: [ app_init ] --START--
INFO: Run Behavior\BuildLiteBehavior [ RunTime:0.001000s ]
INFO: [ app_init ] --END-- [ RunTime:0.003000s ]
ERR: 无法加载模块:Public

[ 2016-09-06T14:33:08+08:00 ] 127.0.0.1 /Public/images/2.png
INFO: [ app_init ] --START--
INFO: Run Behavior\BuildLiteBehavior [ RunTime:0.001000s ]
INFO: [ app_init ] --END-- [ RunTime:0.004000s ]
ERR: 无法加载模块:Public

[ 2016-09-06T14:33:09+08:00 ] 127.0.0.1 /Public/images/1.png
INFO: [ app_init ] --START--
INFO: Run Behavior\BuildLiteBehavior [ RunTime:0.000000s ]
INFO: [ app_init ] --END-- [ RunTime:0.003000s ]
ERR: 无法加载模块:Public

[ 2016-09-06T14:33:54+08:00 ] 127.0.0.1 /Public/images/1.png
INFO: [ app_init ] --START--
INFO: Run Behavior\BuildLiteBehavior [ RunTime:0.001000s ]
INFO: [ app_init ] --END-- [ RunTime:0.004000s ]
ERR: 无法加载模块:Public

[ 2016-09-06T14:33:55+08:00 ] 127.0.0.1 /Public/images/2.png
INFO: [ app_init ] --START--
INFO: Run Behavior\BuildLiteBehavior [ RunTime:0.001000s ]
INFO: [ app_init ] --END-- [ RunTime:0.005001s ]
ERR: 无法加载模块:Public

[ 2016-09-06T14:34:07+08:00 ] 127.0.0.1 /Public/images/1.png
INFO: [ app_init ] --START--
INFO: Run Behavior\BuildLiteBehavior [ RunTime:0.002000s ]
INFO: [ app_init ] --END-- [ RunTime:0.005000s ]
ERR: 无法加载模块:Public

[ 2016-09-06T14:34:08+08:00 ] 127.0.0.1 /Public/images/2.png
INFO: [ app_init ] --START--
INFO: Run Behavior\BuildLiteBehavior [ RunTime:0.000000s ]
INFO: [ app_init ] --END-- [ RunTime:0.003000s ]
ERR: 无法加载模块:Public

[ 2016-09-06T14:42:15+08:00 ] 127.0.0.1 /Public/images/1.png
INFO: [ app_init ] --START--
INFO: Run Behavior\BuildLiteBehavior [ RunTime:0.000000s ]
INFO: [ app_init ] --END-- [ RunTime:0.007000s ]
ERR: 无法加载模块:Public

[ 2016-09-06T14:42:16+08:00 ] 127.0.0.1 /Public/images/2.png
INFO: [ app_init ] --START--
INFO: Run Behavior\BuildLiteBehavior [ RunTime:0.001000s ]
INFO: [ app_init ] --END-- [ RunTime:0.003000s ]
ERR: 无法加载模块:Public

[ 2016-09-06T14:44:07+08:00 ] 127.0.0.1 /Public/images/1.png
INFO: [ app_init ] --START--
INFO: Run Behavior\BuildLiteBehavior [ RunTime:0.001000s ]
INFO: [ app_init ] --END-- [ RunTime:0.016001s ]
ERR: 无法加载模块:Public

[ 2016-09-06T14:44:08+08:00 ] 127.0.0.1 /Public/images/2.png
INFO: [ app_init ] --START--
INFO: Run Behavior\BuildLiteBehavior [ RunTime:0.001000s ]
INFO: [ app_init ] --END-- [ RunTime:0.004001s ]
ERR: 无法加载模块:Public

[ 2016-09-06T14:44:30+08:00 ] 127.0.0.1 /Public/images/1.png
INFO: [ app_init ] --START--
INFO: Run Behavior\BuildLiteBehavior [ RunTime:0.000000s ]
INFO: [ app_init ] --END-- [ RunTime:0.008001s ]
ERR: 无法加载模块:Public

[ 2016-09-06T14:44:31+08:00 ] 127.0.0.1 /Public/images/2.png
INFO: [ app_init ] --START--
INFO: Run Behavior\BuildLiteBehavior [ RunTime:0.001000s ]
INFO: [ app_init ] --END-- [ RunTime:0.003000s ]
ERR: 无法加载模块:Public

[ 2016-09-06T14:44:47+08:00 ] 127.0.0.1 /Public/images/1.png
INFO: [ app_init ] --START--
INFO: Run Behavior\BuildLiteBehavior [ RunTime:0.001001s ]
INFO: [ app_init ] --END-- [ RunTime:0.005001s ]
ERR: 无法加载模块:Public

[ 2016-09-06T14:44:48+08:00 ] 127.0.0.1 /Public/images/2.png
INFO: [ app_init ] --START--
INFO: Run Behavior\BuildLiteBehavior [ RunTime:0.001000s ]
INFO: [ app_init ] --END-- [ RunTime:0.003000s ]
ERR: 无法加载模块:Public

[ 2016-09-06T14:46:35+08:00 ] 127.0.0.1 /Public/images/2.png
INFO: [ app_init ] --START--
INFO: Run Behavior\BuildLiteBehavior [ RunTime:0.001000s ]
INFO: [ app_init ] --END-- [ RunTime:0.004000s ]
ERR: 无法加载模块:Public

[ 2016-09-06T14:46:35+08:00 ] 127.0.0.1 /Public/images/1.png
INFO: [ app_init ] --START--
INFO: Run Behavior\BuildLiteBehavior [ RunTime:0.001000s ]
INFO: [ app_init ] --END-- [ RunTime:0.004000s ]
ERR: 无法加载模块:Public

[ 2016-09-06T14:46:37+08:00 ] 127.0.0.1 /Public/images/1.png
INFO: [ app_init ] --START--
INFO: Run Behavior\BuildLiteBehavior [ RunTime:0.001000s ]
INFO: [ app_init ] --END-- [ RunTime:0.004000s ]
ERR: 无法加载模块:Public

[ 2016-09-06T14:46:38+08:00 ] 127.0.0.1 /Public/images/2.png
INFO: [ app_init ] --START--
INFO: Run Behavior\BuildLiteBehavior [ RunTime:0.000000s ]
INFO: [ app_init ] --END-- [ RunTime:0.003001s ]
ERR: 无法加载模块:Public

[ 2016-09-06T14:47:01+08:00 ] 127.0.0.1 /Public/images/1.png
INFO: [ app_init ] --START--
INFO: Run Behavior\BuildLiteBehavior [ RunTime:0.000000s ]
INFO: [ app_init ] --END-- [ RunTime:0.006000s ]
ERR: 无法加载模块:Public

[ 2016-09-06T14:47:02+08:00 ] 127.0.0.1 /Public/images/2.png
INFO: [ app_init ] --START--
INFO: Run Behavior\BuildLiteBehavior [ RunTime:0.001000s ]
INFO: [ app_init ] --END-- [ RunTime:0.004000s ]
ERR: 无法加载模块:Public

[ 2016-09-06T14:47:59+08:00 ] 127.0.0.1 /Public/images/1.png
INFO: [ app_init ] --START--
INFO: Run Behavior\BuildLiteBehavior [ RunTime:0.000000s ]
INFO: [ app_init ] --END-- [ RunTime:0.005000s ]
ERR: 无法加载模块:Public

[ 2016-09-06T14:48:00+08:00 ] 127.0.0.1 /Public/images/2.png
INFO: [ app_init ] --START--
INFO: Run Behavior\BuildLiteBehavior [ RunTime:0.000000s ]
INFO: [ app_init ] --END-- [ RunTime:0.004000s ]
ERR: 无法加载模块:Public

[ 2016-09-06T14:48:57+08:00 ] 127.0.0.1 /Public/images/1.png
INFO: [ app_init ] --START--
INFO: Run Behavior\BuildLiteBehavior [ RunTime:0.001000s ]
INFO: [ app_init ] --END-- [ RunTime:0.008000s ]
ERR: 无法加载模块:Public

[ 2016-09-06T14:48:58+08:00 ] 127.0.0.1 /Public/images/2.png
INFO: [ app_init ] --START--
INFO: Run Behavior\BuildLiteBehavior [ RunTime:0.000000s ]
INFO: [ app_init ] --END-- [ RunTime:0.003000s ]
ERR: 无法加载模块:Public

[ 2016-09-06T14:48:59+08:00 ] 127.0.0.1 /Public/images/1.png
INFO: [ app_init ] --START--
INFO: Run Behavior\BuildLiteBehavior [ RunTime:0.001000s ]
INFO: [ app_init ] --END-- [ RunTime:0.004000s ]
ERR: 无法加载模块:Public

[ 2016-09-06T14:49:00+08:00 ] 127.0.0.1 /Public/images/2.png
INFO: [ app_init ] --START--
INFO: Run Behavior\BuildLiteBehavior [ RunTime:0.000000s ]
INFO: [ app_init ] --END-- [ RunTime:0.003000s ]
ERR: 无法加载模块:Public

[ 2016-09-06T15:02:05+08:00 ] 127.0.0.1 /Public/css/Style.css
INFO: [ app_init ] --START--
INFO: Run Behavior\BuildLiteBehavior [ RunTime:0.001000s ]
INFO: [ app_init ] --END-- [ RunTime:0.004000s ]
ERR: 无法加载模块:Public

[ 2016-09-06T15:27:07+08:00 ] 127.0.0.1 /Public/images/3.png
INFO: [ app_init ] --START--
INFO: Run Behavior\BuildLiteBehavior [ RunTime:0.001000s ]
INFO: [ app_init ] --END-- [ RunTime:0.005000s ]
ERR: 无法加载模块:Public

[ 2016-09-06T15:27:14+08:00 ] 127.0.0.1 /Public/images/3.png
INFO: [ app_init ] --START--
INFO: Run Behavior\BuildLiteBehavior [ RunTime:0.001000s ]
INFO: [ app_init ] --END-- [ RunTime:0.004000s ]
ERR: 无法加载模块:Public

[ 2016-09-06T16:03:07+08:00 ] 127.0.0.1 /Public/images/3.png
INFO: [ app_init ] --START--
INFO: Run Behavior\BuildLiteBehavior [ RunTime:0.000000s ]
INFO: [ app_init ] --END-- [ RunTime:0.006000s ]
ERR: 无法加载模块:Public

[ 2016-09-06T16:03:10+08:00 ] 127.0.0.1 /Public/images/3.png
INFO: [ app_init ] --START--
INFO: Run Behavior\BuildLiteBehavior [ RunTime:0.001000s ]
INFO: [ app_init ] --END-- [ RunTime:0.004000s ]
ERR: 无法加载模块:Public

[ 2016-09-06T16:03:13+08:00 ] 127.0.0.1 /Public/images/3.png
INFO: [ app_init ] --START--
INFO: Run Behavior\BuildLiteBehavior [ RunTime:0.000000s ]
INFO: [ app_init ] --END-- [ RunTime:0.005000s ]
ERR: 无法加载模块:Public

[ 2016-09-06T16:03:19+08:00 ] 127.0.0.1 /Public/images/3.png
INFO: [ app_init ] --START--
INFO: Run Behavior\BuildLiteBehavior [ RunTime:0.000000s ]
INFO: [ app_init ] --END-- [ RunTime:0.003001s ]
ERR: 无法加载模块:Public

[ 2016-09-06T16:03:24+08:00 ] 127.0.0.1 /Public/images/3.png
INFO: [ app_init ] --START--
INFO: Run Behavior\BuildLiteBehavior [ RunTime:0.000000s ]
INFO: [ app_init ] --END-- [ RunTime:0.003000s ]
ERR: 无法加载模块:Public

[ 2016-09-06T16:03:29+08:00 ] 127.0.0.1 /Public/images/3.png
INFO: [ app_init ] --START--
INFO: Run Behavior\BuildLiteBehavior [ RunTime:0.000000s ]
INFO: [ app_init ] --END-- [ RunTime:0.004001s ]
ERR: 无法加载模块:Public

[ 2016-09-06T16:04:47+08:00 ] 127.0.0.1 /Public/images/3.png
INFO: [ app_init ] --START--
INFO: Run Behavior\BuildLiteBehavior [ RunTime:0.001000s ]
INFO: [ app_init ] --END-- [ RunTime:0.004000s ]
ERR: 无法加载模块:Public

[ 2016-09-06T16:04:51+08:00 ] 127.0.0.1 /Public/images/3.png
INFO: [ app_init ] --START--
INFO: Run Behavior\BuildLiteBehavior [ RunTime:0.000000s ]
INFO: [ app_init ] --END-- [ RunTime:0.003001s ]
ERR: 无法加载模块:Public

[ 2016-09-06T16:04:56+08:00 ] 127.0.0.1 /Public/images/3.png
INFO: [ app_init ] --START--
INFO: Run Behavior\BuildLiteBehavior [ RunTime:0.001000s ]
INFO: [ app_init ] --END-- [ RunTime:0.004000s ]
ERR: 无法加载模块:Public

[ 2016-09-06T16:05:01+08:00 ] 127.0.0.1 /Public/images/3.png
INFO: [ app_init ] --START--
INFO: Run Behavior\BuildLiteBehavior [ RunTime:0.000000s ]
INFO: [ app_init ] --END-- [ RunTime:0.003000s ]
ERR: 无法加载模块:Public

[ 2016-09-06T16:06:26+08:00 ] 127.0.0.1 /Public/images/3.png
INFO: [ app_init ] --START--
INFO: Run Behavior\BuildLiteBehavior [ RunTime:0.001000s ]
INFO: [ app_init ] --END-- [ RunTime:0.004000s ]
ERR: 无法加载模块:Public

[ 2016-09-06T16:06:29+08:00 ] 127.0.0.1 /Public/images/3.png
INFO: [ app_init ] --START--
INFO: Run Behavior\BuildLiteBehavior [ RunTime:0.001000s ]
INFO: [ app_init ] --END-- [ RunTime:0.004000s ]
ERR: 无法加载模块:Public

[ 2016-09-06T16:06:34+08:00 ] 127.0.0.1 /Public/images/3.png
INFO: [ app_init ] --START--
INFO: Run Behavior\BuildLiteBehavior [ RunTime:0.000000s ]
INFO: [ app_init ] --END-- [ RunTime:0.004000s ]
ERR: 无法加载模块:Public

[ 2016-09-06T16:06:38+08:00 ] 127.0.0.1 /Public/images/3.png
INFO: [ app_init ] --START--
INFO: Run Behavior\BuildLiteBehavior [ RunTime:0.000000s ]
INFO: [ app_init ] --END-- [ RunTime:0.004001s ]
ERR: 无法加载模块:Public

[ 2016-09-06T16:06:44+08:00 ] 127.0.0.1 /Public/images/3.png
INFO: [ app_init ] --START--
INFO: Run Behavior\BuildLiteBehavior [ RunTime:0.000000s ]
INFO: [ app_init ] --END-- [ RunTime:0.005000s ]
ERR: 无法加载模块:Public

[ 2016-09-06T16:07:00+08:00 ] 127.0.0.1 /Public/images/1.png
INFO: [ app_init ] --START--
INFO: Run Behavior\BuildLiteBehavior [ RunTime:0.001000s ]
INFO: [ app_init ] --END-- [ RunTime:0.003000s ]
ERR: 无法加载模块:Public

[ 2016-09-06T16:07:00+08:00 ] 127.0.0.1 /Public/images/2.png
INFO: [ app_init ] --START--
INFO: Run Behavior\BuildLiteBehavior [ RunTime:0.000000s ]
INFO: [ app_init ] --END-- [ RunTime:0.003000s ]
ERR: 无法加载模块:Public

